{"D:\\School\\2ndY_S2\\MPP\\battlepass-backend\\src\\models\\concert.js": {"path":"D:\\School\\2ndY_S2\\MPP\\battlepass-backend\\src\\models\\concert.js","statementMap":{"0":{"start":{"line":3,"column":22},"end":{"line":11,"column":1}},"1":{"start":{"line":14,"column":15},"end":{"line":27,"column":1}},"2":{"start":{"line":30,"column":21},"end":{"line":30,"column":31}},"3":{"start":{"line":32,"column":0},"end":{"line":139,"column":2}},"4":{"start":{"line":34,"column":8},"end":{"line":34,"column":24}},"5":{"start":{"line":38,"column":8},"end":{"line":38,"column":59}},"6":{"start":{"line":38,"column":40},"end":{"line":38,"column":57}},"7":{"start":{"line":42,"column":22},"end":{"line":42,"column":77}},"8":{"start":{"line":42,"column":58},"end":{"line":42,"column":68}},"9":{"start":{"line":43,"column":27},"end":{"line":43,"column":56}},"10":{"start":{"line":44,"column":8},"end":{"line":44,"column":34}},"11":{"start":{"line":45,"column":8},"end":{"line":45,"column":36}},"12":{"start":{"line":46,"column":8},"end":{"line":46,"column":26}},"13":{"start":{"line":50,"column":22},"end":{"line":50,"column":70}},"14":{"start":{"line":50,"column":52},"end":{"line":50,"column":69}},"15":{"start":{"line":51,"column":8},"end":{"line":51,"column":38}},"16":{"start":{"line":51,"column":26},"end":{"line":51,"column":38}},"17":{"start":{"line":53,"column":31},"end":{"line":53,"column":73}},"18":{"start":{"line":54,"column":8},"end":{"line":54,"column":41}},"19":{"start":{"line":55,"column":8},"end":{"line":55,"column":36}},"20":{"start":{"line":56,"column":8},"end":{"line":56,"column":30}},"21":{"start":{"line":60,"column":22},"end":{"line":60,"column":70}},"22":{"start":{"line":60,"column":52},"end":{"line":60,"column":69}},"23":{"start":{"line":61,"column":8},"end":{"line":61,"column":38}},"24":{"start":{"line":61,"column":26},"end":{"line":61,"column":38}},"25":{"start":{"line":63,"column":31},"end":{"line":63,"column":46}},"26":{"start":{"line":64,"column":8},"end":{"line":64,"column":34}},"27":{"start":{"line":65,"column":8},"end":{"line":65,"column":36}},"28":{"start":{"line":66,"column":8},"end":{"line":66,"column":30}},"29":{"start":{"line":71,"column":31},"end":{"line":71,"column":44}},"30":{"start":{"line":73,"column":8},"end":{"line":77,"column":9}},"31":{"start":{"line":74,"column":12},"end":{"line":76,"column":14}},"32":{"start":{"line":75,"column":27},"end":{"line":75,"column":87}},"33":{"start":{"line":79,"column":8},"end":{"line":85,"column":9}},"34":{"start":{"line":80,"column":31},"end":{"line":80,"column":60}},"35":{"start":{"line":81,"column":12},"end":{"line":84,"column":14}},"36":{"start":{"line":82,"column":27},"end":{"line":83,"column":71}},"37":{"start":{"line":87,"column":8},"end":{"line":87,"column":32}},"38":{"start":{"line":92,"column":23},"end":{"line":92,"column":132}},"39":{"start":{"line":93,"column":26},"end":{"line":93,"column":134}},"40":{"start":{"line":94,"column":22},"end":{"line":97,"column":9}},"41":{"start":{"line":99,"column":27},"end":{"line":107,"column":9}},"42":{"start":{"line":100,"column":52},"end":{"line":100,"column":62}},"43":{"start":{"line":109,"column":8},"end":{"line":109,"column":34}},"44":{"start":{"line":110,"column":8},"end":{"line":110,"column":36}},"45":{"start":{"line":111,"column":8},"end":{"line":111,"column":26}},"46":{"start":{"line":116,"column":8},"end":{"line":116,"column":46}},"47":{"start":{"line":116,"column":34},"end":{"line":116,"column":46}},"48":{"start":{"line":118,"column":28},"end":{"line":118,"column":71}},"49":{"start":{"line":119,"column":31},"end":{"line":119,"column":52}},"50":{"start":{"line":120,"column":8},"end":{"line":120,"column":40}},"51":{"start":{"line":121,"column":8},"end":{"line":121,"column":36}},"52":{"start":{"line":122,"column":8},"end":{"line":122,"column":30}},"53":{"start":{"line":127,"column":8},"end":{"line":127,"column":47}},"54":{"start":{"line":127,"column":35},"end":{"line":127,"column":47}},"55":{"start":{"line":129,"column":28},"end":{"line":129,"column":71}},"56":{"start":{"line":130,"column":24},"end":{"line":130,"column":45}},"57":{"start":{"line":131,"column":8},"end":{"line":131,"column":67}},"58":{"start":{"line":132,"column":8},"end":{"line":132,"column":36}},"59":{"start":{"line":133,"column":8},"end":{"line":133,"column":23}},"60":{"start":{"line":137,"column":8},"end":{"line":137,"column":30}}},"fnMap":{"0":{"name":"(anonymous_0)","decl":{"start":{"line":33,"column":12},"end":{"line":33,"column":13}},"loc":{"start":{"line":33,"column":18},"end":{"line":35,"column":5}},"line":33},"1":{"name":"(anonymous_1)","decl":{"start":{"line":37,"column":13},"end":{"line":37,"column":14}},"loc":{"start":{"line":37,"column":21},"end":{"line":39,"column":5}},"line":37},"2":{"name":"(anonymous_2)","decl":{"start":{"line":38,"column":29},"end":{"line":38,"column":30}},"loc":{"start":{"line":38,"column":40},"end":{"line":38,"column":57}},"line":38},"3":{"name":"(anonymous_3)","decl":{"start":{"line":41,"column":12},"end":{"line":41,"column":13}},"loc":{"start":{"line":41,"column":29},"end":{"line":47,"column":5}},"line":41},"4":{"name":"(anonymous_4)","decl":{"start":{"line":42,"column":47},"end":{"line":42,"column":48}},"loc":{"start":{"line":42,"column":58},"end":{"line":42,"column":68}},"line":42},"5":{"name":"(anonymous_5)","decl":{"start":{"line":49,"column":12},"end":{"line":49,"column":13}},"loc":{"start":{"line":49,"column":33},"end":{"line":57,"column":5}},"line":49},"6":{"name":"(anonymous_6)","decl":{"start":{"line":50,"column":41},"end":{"line":50,"column":42}},"loc":{"start":{"line":50,"column":52},"end":{"line":50,"column":69}},"line":50},"7":{"name":"(anonymous_7)","decl":{"start":{"line":59,"column":12},"end":{"line":59,"column":13}},"loc":{"start":{"line":59,"column":20},"end":{"line":67,"column":5}},"line":59},"8":{"name":"(anonymous_8)","decl":{"start":{"line":60,"column":41},"end":{"line":60,"column":42}},"loc":{"start":{"line":60,"column":52},"end":{"line":60,"column":69}},"line":60},"9":{"name":"(anonymous_9)","decl":{"start":{"line":70,"column":12},"end":{"line":70,"column":13}},"loc":{"start":{"line":70,"column":26},"end":{"line":88,"column":5}},"line":70},"10":{"name":"(anonymous_10)","decl":{"start":{"line":75,"column":16},"end":{"line":75,"column":17}},"loc":{"start":{"line":75,"column":27},"end":{"line":75,"column":87}},"line":75},"11":{"name":"(anonymous_11)","decl":{"start":{"line":82,"column":16},"end":{"line":82,"column":17}},"loc":{"start":{"line":82,"column":27},"end":{"line":83,"column":71}},"line":82},"12":{"name":"(anonymous_12)","decl":{"start":{"line":91,"column":15},"end":{"line":91,"column":16}},"loc":{"start":{"line":91,"column":21},"end":{"line":112,"column":5}},"line":91},"13":{"name":"(anonymous_13)","decl":{"start":{"line":100,"column":41},"end":{"line":100,"column":42}},"loc":{"start":{"line":100,"column":52},"end":{"line":100,"column":62}},"line":100},"14":{"name":"(anonymous_14)","decl":{"start":{"line":115,"column":18},"end":{"line":115,"column":19}},"loc":{"start":{"line":115,"column":24},"end":{"line":123,"column":5}},"line":115},"15":{"name":"(anonymous_15)","decl":{"start":{"line":126,"column":23},"end":{"line":126,"column":24}},"loc":{"start":{"line":126,"column":29},"end":{"line":134,"column":5}},"line":126},"16":{"name":"(anonymous_16)","decl":{"start":{"line":136,"column":23},"end":{"line":136,"column":24}},"loc":{"start":{"line":136,"column":29},"end":{"line":138,"column":5}},"line":136}},"branchMap":{"0":{"loc":{"start":{"line":51,"column":8},"end":{"line":51,"column":38}},"type":"if","locations":[{"start":{"line":51,"column":8},"end":{"line":51,"column":38}},{"start":{},"end":{}}],"line":51},"1":{"loc":{"start":{"line":61,"column":8},"end":{"line":61,"column":38}},"type":"if","locations":[{"start":{"line":61,"column":8},"end":{"line":61,"column":38}},{"start":{},"end":{}}],"line":61},"2":{"loc":{"start":{"line":73,"column":8},"end":{"line":77,"column":9}},"type":"if","locations":[{"start":{"line":73,"column":8},"end":{"line":77,"column":9}},{"start":{},"end":{}}],"line":73},"3":{"loc":{"start":{"line":79,"column":8},"end":{"line":85,"column":9}},"type":"if","locations":[{"start":{"line":79,"column":8},"end":{"line":85,"column":9}},{"start":{},"end":{}}],"line":79},"4":{"loc":{"start":{"line":82,"column":27},"end":{"line":83,"column":71}},"type":"binary-expr","locations":[{"start":{"line":82,"column":27},"end":{"line":82,"column":74}},{"start":{"line":83,"column":20},"end":{"line":83,"column":71}}],"line":82},"5":{"loc":{"start":{"line":116,"column":8},"end":{"line":116,"column":46}},"type":"if","locations":[{"start":{"line":116,"column":8},"end":{"line":116,"column":46}},{"start":{},"end":{}}],"line":116},"6":{"loc":{"start":{"line":127,"column":8},"end":{"line":127,"column":47}},"type":"if","locations":[{"start":{"line":127,"column":8},"end":{"line":127,"column":47}},{"start":{},"end":{}}],"line":127}},"s":{"0":2,"1":2,"2":2,"3":2,"4":897,"5":4,"6":35,"7":4,"8":36,"9":4,"10":4,"11":4,"12":4,"13":3,"14":14,"15":3,"16":1,"17":2,"18":2,"19":2,"20":2,"21":3,"22":14,"23":3,"24":1,"25":2,"26":2,"27":2,"28":2,"29":4,"30":4,"31":3,"32":36,"33":4,"34":3,"35":3,"36":15,"37":4,"38":2,"39":2,"40":2,"41":2,"42":12,"43":2,"44":2,"45":2,"46":2,"47":1,"48":1,"49":1,"50":1,"51":1,"52":1,"53":1,"54":1,"55":0,"56":0,"57":0,"58":0,"59":0,"60":4},"f":{"0":897,"1":4,"2":35,"3":4,"4":36,"5":3,"6":14,"7":3,"8":14,"9":4,"10":36,"11":15,"12":2,"13":12,"14":2,"15":1,"16":4},"b":{"0":[1,2],"1":[1,2],"2":[3,1],"3":[3,1],"4":[15,10],"5":[1,1],"6":[1,0]},"_coverageSchema":"1a1c01bbd47fc00a2c39e90264f33305004495a9","hash":"d0a63c03ec7372880c3fcd27a25a33bd31cd872c"}
,"D:\\School\\2ndY_S2\\MPP\\battlepass-backend\\src\\routes\\concertRoutes.js": {"path":"D:\\School\\2ndY_S2\\MPP\\battlepass-backend\\src\\routes\\concertRoutes.js","statementMap":{"0":{"start":{"line":2,"column":16},"end":{"line":2,"column":34}},"1":{"start":{"line":3,"column":15},"end":{"line":3,"column":31}},"2":{"start":{"line":4,"column":21},"end":{"line":4,"column":49}},"3":{"start":{"line":7,"column":28},"end":{"line":57,"column":1}},"4":{"start":{"line":8,"column":61},"end":{"line":8,"column":69}},"5":{"start":{"line":9,"column":19},"end":{"line":9,"column":21}},"6":{"start":{"line":12,"column":4},"end":{"line":16,"column":5}},"7":{"start":{"line":13,"column":8},"end":{"line":13,"column":47}},"8":{"start":{"line":14,"column":11},"end":{"line":16,"column":5}},"9":{"start":{"line":15,"column":8},"end":{"line":15,"column":63}},"10":{"start":{"line":19,"column":4},"end":{"line":21,"column":5}},"11":{"start":{"line":20,"column":8},"end":{"line":20,"column":43}},"12":{"start":{"line":24,"column":4},"end":{"line":26,"column":5}},"13":{"start":{"line":25,"column":8},"end":{"line":25,"column":63}},"14":{"start":{"line":29,"column":4},"end":{"line":33,"column":5}},"15":{"start":{"line":30,"column":8},"end":{"line":30,"column":49}},"16":{"start":{"line":31,"column":11},"end":{"line":33,"column":5}},"17":{"start":{"line":32,"column":8},"end":{"line":32,"column":66}},"18":{"start":{"line":36,"column":4},"end":{"line":45,"column":5}},"19":{"start":{"line":37,"column":8},"end":{"line":37,"column":41}},"20":{"start":{"line":39,"column":29},"end":{"line":39,"column":43}},"21":{"start":{"line":40,"column":22},"end":{"line":40,"column":32}},"22":{"start":{"line":41,"column":8},"end":{"line":41,"column":35}},"23":{"start":{"line":42,"column":8},"end":{"line":44,"column":9}},"24":{"start":{"line":43,"column":12},"end":{"line":43,"column":61}},"25":{"start":{"line":48,"column":4},"end":{"line":50,"column":5}},"26":{"start":{"line":49,"column":8},"end":{"line":49,"column":50}},"27":{"start":{"line":52,"column":4},"end":{"line":54,"column":5}},"28":{"start":{"line":53,"column":8},"end":{"line":53,"column":48}},"29":{"start":{"line":56,"column":4},"end":{"line":56,"column":11}},"30":{"start":{"line":60,"column":0},"end":{"line":162,"column":3}},"31":{"start":{"line":61,"column":4},"end":{"line":161,"column":5}},"32":{"start":{"line":62,"column":78},"end":{"line":62,"column":87}},"33":{"start":{"line":65,"column":23},"end":{"line":65,"column":44}},"34":{"start":{"line":68,"column":8},"end":{"line":75,"column":9}},"35":{"start":{"line":69,"column":26},"end":{"line":69,"column":46}},"36":{"start":{"line":70,"column":12},"end":{"line":74,"column":14}},"37":{"start":{"line":71,"column":16},"end":{"line":73,"column":62}},"38":{"start":{"line":78,"column":8},"end":{"line":83,"column":9}},"39":{"start":{"line":79,"column":27},"end":{"line":79,"column":43}},"40":{"start":{"line":80,"column":12},"end":{"line":82,"column":13}},"41":{"start":{"line":81,"column":16},"end":{"line":81,"column":86}},"42":{"start":{"line":81,"column":54},"end":{"line":81,"column":84}},"43":{"start":{"line":86,"column":8},"end":{"line":101,"column":9}},"44":{"start":{"line":87,"column":12},"end":{"line":87,"column":77}},"45":{"start":{"line":87,"column":50},"end":{"line":87,"column":75}},"46":{"start":{"line":88,"column":15},"end":{"line":101,"column":9}},"47":{"start":{"line":90,"column":34},"end":{"line":97,"column":13}},"48":{"start":{"line":99,"column":27},"end":{"line":99,"column":55}},"49":{"start":{"line":100,"column":12},"end":{"line":100,"column":85}},"50":{"start":{"line":100,"column":50},"end":{"line":100,"column":83}},"51":{"start":{"line":104,"column":8},"end":{"line":112,"column":9}},"52":{"start":{"line":105,"column":24},"end":{"line":105,"column":59}},"53":{"start":{"line":106,"column":24},"end":{"line":106,"column":66}},"54":{"start":{"line":108,"column":12},"end":{"line":111,"column":15}},"55":{"start":{"line":109,"column":30},"end":{"line":109,"column":72}},"56":{"start":{"line":110,"column":16},"end":{"line":110,"column":52}},"57":{"start":{"line":115,"column":8},"end":{"line":134,"column":9}},"58":{"start":{"line":116,"column":12},"end":{"line":133,"column":13}},"59":{"start":{"line":118,"column":20},"end":{"line":122,"column":23}},"60":{"start":{"line":119,"column":39},"end":{"line":119,"column":75}},"61":{"start":{"line":120,"column":39},"end":{"line":120,"column":75}},"62":{"start":{"line":121,"column":24},"end":{"line":121,"column":47}},"63":{"start":{"line":123,"column":20},"end":{"line":123,"column":26}},"64":{"start":{"line":125,"column":20},"end":{"line":125,"column":81}},"65":{"start":{"line":125,"column":44},"end":{"line":125,"column":79}},"66":{"start":{"line":126,"column":20},"end":{"line":126,"column":26}},"67":{"start":{"line":128,"column":20},"end":{"line":128,"column":82}},"68":{"start":{"line":128,"column":44},"end":{"line":128,"column":80}},"69":{"start":{"line":129,"column":20},"end":{"line":129,"column":26}},"70":{"start":{"line":132,"column":20},"end":{"line":132,"column":81}},"71":{"start":{"line":132,"column":44},"end":{"line":132,"column":79}},"72":{"start":{"line":137,"column":30},"end":{"line":137,"column":60}},"73":{"start":{"line":138,"column":8},"end":{"line":149,"column":9}},"74":{"start":{"line":140,"column":27},"end":{"line":140,"column":94}},"75":{"start":{"line":140,"column":51},"end":{"line":140,"column":93}},"76":{"start":{"line":141,"column":12},"end":{"line":141,"column":41}},"77":{"start":{"line":141,"column":34},"end":{"line":141,"column":39}},"78":{"start":{"line":144,"column":12},"end":{"line":148,"column":14}},"79":{"start":{"line":152,"column":8},"end":{"line":157,"column":11}},"80":{"start":{"line":159,"column":8},"end":{"line":159,"column":57}},"81":{"start":{"line":160,"column":8},"end":{"line":160,"column":66}},"82":{"start":{"line":165,"column":0},"end":{"line":243,"column":3}},"83":{"start":{"line":166,"column":4},"end":{"line":242,"column":5}},"84":{"start":{"line":167,"column":25},"end":{"line":167,"column":46}},"85":{"start":{"line":170,"column":36},"end":{"line":170,"column":38}},"86":{"start":{"line":171,"column":8},"end":{"line":192,"column":9}},"87":{"start":{"line":173,"column":27},"end":{"line":173,"column":94}},"88":{"start":{"line":173,"column":51},"end":{"line":173,"column":93}},"89":{"start":{"line":174,"column":12},"end":{"line":174,"column":41}},"90":{"start":{"line":174,"column":34},"end":{"line":174,"column":39}},"91":{"start":{"line":177,"column":33},"end":{"line":177,"column":70}},"92":{"start":{"line":178,"column":36},"end":{"line":178,"column":77}},"93":{"start":{"line":180,"column":29},"end":{"line":180,"column":122}},"94":{"start":{"line":180,"column":56},"end":{"line":180,"column":114}},"95":{"start":{"line":181,"column":32},"end":{"line":184,"column":21}},"96":{"start":{"line":182,"column":30},"end":{"line":182,"column":72}},"97":{"start":{"line":183,"column":16},"end":{"line":183,"column":72}},"98":{"start":{"line":185,"column":30},"end":{"line":185,"column":125}},"99":{"start":{"line":185,"column":57},"end":{"line":185,"column":117}},"100":{"start":{"line":187,"column":12},"end":{"line":191,"column":14}},"101":{"start":{"line":195,"column":28},"end":{"line":195,"column":30}},"102":{"start":{"line":196,"column":8},"end":{"line":202,"column":11}},"103":{"start":{"line":197,"column":12},"end":{"line":201,"column":13}},"104":{"start":{"line":198,"column":16},"end":{"line":198,"column":45}},"105":{"start":{"line":200,"column":16},"end":{"line":200,"column":47}},"106":{"start":{"line":204,"column":38},"end":{"line":207,"column":11}},"107":{"start":{"line":204,"column":77},"end":{"line":207,"column":9}},"108":{"start":{"line":210,"column":31},"end":{"line":210,"column":33}},"109":{"start":{"line":211,"column":8},"end":{"line":216,"column":11}},"110":{"start":{"line":212,"column":12},"end":{"line":214,"column":13}},"111":{"start":{"line":213,"column":16},"end":{"line":213,"column":50}},"112":{"start":{"line":215,"column":12},"end":{"line":215,"column":55}},"113":{"start":{"line":218,"column":31},"end":{"line":231,"column":14}},"114":{"start":{"line":219,"column":28},"end":{"line":219,"column":53}},"115":{"start":{"line":221,"column":39},"end":{"line":221,"column":59}},"116":{"start":{"line":222,"column":33},"end":{"line":225,"column":41}},"117":{"start":{"line":223,"column":38},"end":{"line":223,"column":86}},"118":{"start":{"line":227,"column":16},"end":{"line":230,"column":18}},"119":{"start":{"line":233,"column":8},"end":{"line":238,"column":11}},"120":{"start":{"line":240,"column":8},"end":{"line":240,"column":58}},"121":{"start":{"line":241,"column":8},"end":{"line":241,"column":72}},"122":{"start":{"line":246,"column":0},"end":{"line":259,"column":3}},"123":{"start":{"line":247,"column":4},"end":{"line":258,"column":5}},"124":{"start":{"line":248,"column":19},"end":{"line":248,"column":42}},"125":{"start":{"line":249,"column":24},"end":{"line":249,"column":48}},"126":{"start":{"line":251,"column":8},"end":{"line":253,"column":9}},"127":{"start":{"line":252,"column":12},"end":{"line":252,"column":72}},"128":{"start":{"line":255,"column":8},"end":{"line":255,"column":26}},"129":{"start":{"line":257,"column":8},"end":{"line":257,"column":65}},"130":{"start":{"line":262,"column":0},"end":{"line":269,"column":3}},"131":{"start":{"line":263,"column":4},"end":{"line":268,"column":5}},"132":{"start":{"line":264,"column":27},"end":{"line":264,"column":56}},"133":{"start":{"line":265,"column":8},"end":{"line":265,"column":41}},"134":{"start":{"line":267,"column":8},"end":{"line":267,"column":68}},"135":{"start":{"line":272,"column":0},"end":{"line":285,"column":3}},"136":{"start":{"line":273,"column":4},"end":{"line":284,"column":5}},"137":{"start":{"line":274,"column":19},"end":{"line":274,"column":42}},"138":{"start":{"line":275,"column":31},"end":{"line":275,"column":64}},"139":{"start":{"line":277,"column":8},"end":{"line":279,"column":9}},"140":{"start":{"line":278,"column":12},"end":{"line":278,"column":72}},"141":{"start":{"line":281,"column":8},"end":{"line":281,"column":33}},"142":{"start":{"line":283,"column":8},"end":{"line":283,"column":68}},"143":{"start":{"line":288,"column":0},"end":{"line":301,"column":3}},"144":{"start":{"line":289,"column":4},"end":{"line":300,"column":5}},"145":{"start":{"line":290,"column":19},"end":{"line":290,"column":42}},"146":{"start":{"line":291,"column":31},"end":{"line":291,"column":54}},"147":{"start":{"line":293,"column":8},"end":{"line":295,"column":9}},"148":{"start":{"line":294,"column":12},"end":{"line":294,"column":72}},"149":{"start":{"line":297,"column":8},"end":{"line":297,"column":33}},"150":{"start":{"line":299,"column":8},"end":{"line":299,"column":68}},"151":{"start":{"line":304,"column":0},"end":{"line":327,"column":3}},"152":{"start":{"line":305,"column":4},"end":{"line":326,"column":5}},"153":{"start":{"line":306,"column":27},"end":{"line":306,"column":56}},"154":{"start":{"line":309,"column":8},"end":{"line":321,"column":9}},"155":{"start":{"line":311,"column":16},"end":{"line":311,"column":50}},"156":{"start":{"line":312,"column":16},"end":{"line":312,"column":22}},"157":{"start":{"line":314,"column":16},"end":{"line":314,"column":53}},"158":{"start":{"line":315,"column":16},"end":{"line":315,"column":22}},"159":{"start":{"line":317,"column":16},"end":{"line":317,"column":58}},"160":{"start":{"line":318,"column":16},"end":{"line":318,"column":22}},"161":{"start":{"line":320,"column":16},"end":{"line":320,"column":50}},"162":{"start":{"line":323,"column":8},"end":{"line":323,"column":41}},"163":{"start":{"line":325,"column":8},"end":{"line":325,"column":69}},"164":{"start":{"line":329,"column":0},"end":{"line":329,"column":24}}},"fnMap":{"0":{"name":"(anonymous_0)","decl":{"start":{"line":7,"column":28},"end":{"line":7,"column":29}},"loc":{"start":{"line":7,"column":48},"end":{"line":57,"column":1}},"line":7},"1":{"name":"(anonymous_1)","decl":{"start":{"line":60,"column":16},"end":{"line":60,"column":17}},"loc":{"start":{"line":60,"column":30},"end":{"line":162,"column":1}},"line":60},"2":{"name":"(anonymous_2)","decl":{"start":{"line":70,"column":39},"end":{"line":70,"column":40}},"loc":{"start":{"line":71,"column":16},"end":{"line":73,"column":62}},"line":71},"3":{"name":"(anonymous_3)","decl":{"start":{"line":81,"column":43},"end":{"line":81,"column":44}},"loc":{"start":{"line":81,"column":54},"end":{"line":81,"column":84}},"line":81},"4":{"name":"(anonymous_4)","decl":{"start":{"line":87,"column":39},"end":{"line":87,"column":40}},"loc":{"start":{"line":87,"column":50},"end":{"line":87,"column":75}},"line":87},"5":{"name":"(anonymous_5)","decl":{"start":{"line":100,"column":39},"end":{"line":100,"column":40}},"loc":{"start":{"line":100,"column":50},"end":{"line":100,"column":83}},"line":100},"6":{"name":"(anonymous_6)","decl":{"start":{"line":108,"column":39},"end":{"line":108,"column":40}},"loc":{"start":{"line":108,"column":50},"end":{"line":111,"column":13}},"line":108},"7":{"name":"(anonymous_7)","decl":{"start":{"line":118,"column":34},"end":{"line":118,"column":35}},"loc":{"start":{"line":118,"column":44},"end":{"line":122,"column":21}},"line":118},"8":{"name":"(anonymous_8)","decl":{"start":{"line":125,"column":34},"end":{"line":125,"column":35}},"loc":{"start":{"line":125,"column":44},"end":{"line":125,"column":79}},"line":125},"9":{"name":"(anonymous_9)","decl":{"start":{"line":128,"column":34},"end":{"line":128,"column":35}},"loc":{"start":{"line":128,"column":44},"end":{"line":128,"column":80}},"line":128},"10":{"name":"(anonymous_10)","decl":{"start":{"line":132,"column":34},"end":{"line":132,"column":35}},"loc":{"start":{"line":132,"column":44},"end":{"line":132,"column":79}},"line":132},"11":{"name":"(anonymous_11)","decl":{"start":{"line":140,"column":40},"end":{"line":140,"column":41}},"loc":{"start":{"line":140,"column":51},"end":{"line":140,"column":93}},"line":140},"12":{"name":"(anonymous_12)","decl":{"start":{"line":141,"column":24},"end":{"line":141,"column":25}},"loc":{"start":{"line":141,"column":34},"end":{"line":141,"column":39}},"line":141},"13":{"name":"(anonymous_13)","decl":{"start":{"line":165,"column":25},"end":{"line":165,"column":26}},"loc":{"start":{"line":165,"column":39},"end":{"line":243,"column":1}},"line":165},"14":{"name":"(anonymous_14)","decl":{"start":{"line":173,"column":40},"end":{"line":173,"column":41}},"loc":{"start":{"line":173,"column":51},"end":{"line":173,"column":93}},"line":173},"15":{"name":"(anonymous_15)","decl":{"start":{"line":174,"column":24},"end":{"line":174,"column":25}},"loc":{"start":{"line":174,"column":34},"end":{"line":174,"column":39}},"line":174},"16":{"name":"(anonymous_16)","decl":{"start":{"line":180,"column":45},"end":{"line":180,"column":46}},"loc":{"start":{"line":180,"column":56},"end":{"line":180,"column":114}},"line":180},"17":{"name":"(anonymous_17)","decl":{"start":{"line":181,"column":48},"end":{"line":181,"column":49}},"loc":{"start":{"line":181,"column":59},"end":{"line":184,"column":13}},"line":181},"18":{"name":"(anonymous_18)","decl":{"start":{"line":185,"column":46},"end":{"line":185,"column":47}},"loc":{"start":{"line":185,"column":57},"end":{"line":185,"column":117}},"line":185},"19":{"name":"(anonymous_19)","decl":{"start":{"line":196,"column":25},"end":{"line":196,"column":26}},"loc":{"start":{"line":196,"column":36},"end":{"line":202,"column":9}},"line":196},"20":{"name":"(anonymous_20)","decl":{"start":{"line":204,"column":67},"end":{"line":204,"column":68}},"loc":{"start":{"line":204,"column":77},"end":{"line":207,"column":9}},"line":204},"21":{"name":"(anonymous_21)","decl":{"start":{"line":211,"column":25},"end":{"line":211,"column":26}},"loc":{"start":{"line":211,"column":36},"end":{"line":216,"column":9}},"line":211},"22":{"name":"(anonymous_22)","decl":{"start":{"line":219,"column":18},"end":{"line":219,"column":19}},"loc":{"start":{"line":219,"column":28},"end":{"line":219,"column":53}},"line":219},"23":{"name":"(anonymous_23)","decl":{"start":{"line":220,"column":17},"end":{"line":220,"column":18}},"loc":{"start":{"line":220,"column":25},"end":{"line":231,"column":13}},"line":220},"24":{"name":"(anonymous_24)","decl":{"start":{"line":223,"column":20},"end":{"line":223,"column":21}},"loc":{"start":{"line":223,"column":38},"end":{"line":223,"column":86}},"line":223},"25":{"name":"(anonymous_25)","decl":{"start":{"line":246,"column":19},"end":{"line":246,"column":20}},"loc":{"start":{"line":246,"column":33},"end":{"line":259,"column":1}},"line":246},"26":{"name":"(anonymous_26)","decl":{"start":{"line":262,"column":38},"end":{"line":262,"column":39}},"loc":{"start":{"line":262,"column":52},"end":{"line":269,"column":1}},"line":262},"27":{"name":"(anonymous_27)","decl":{"start":{"line":272,"column":40},"end":{"line":272,"column":41}},"loc":{"start":{"line":272,"column":54},"end":{"line":285,"column":1}},"line":272},"28":{"name":"(anonymous_28)","decl":{"start":{"line":288,"column":22},"end":{"line":288,"column":23}},"loc":{"start":{"line":288,"column":36},"end":{"line":301,"column":1}},"line":288},"29":{"name":"(anonymous_29)","decl":{"start":{"line":304,"column":32},"end":{"line":304,"column":33}},"loc":{"start":{"line":304,"column":46},"end":{"line":327,"column":1}},"line":304}},"branchMap":{"0":{"loc":{"start":{"line":12,"column":4},"end":{"line":16,"column":5}},"type":"if","locations":[{"start":{"line":12,"column":4},"end":{"line":16,"column":5}},{"start":{"line":14,"column":11},"end":{"line":16,"column":5}}],"line":12},"1":{"loc":{"start":{"line":12,"column":8},"end":{"line":12,"column":35}},"type":"binary-expr","locations":[{"start":{"line":12,"column":8},"end":{"line":12,"column":13}},{"start":{"line":12,"column":17},"end":{"line":12,"column":35}}],"line":12},"2":{"loc":{"start":{"line":14,"column":11},"end":{"line":16,"column":5}},"type":"if","locations":[{"start":{"line":14,"column":11},"end":{"line":16,"column":5}},{"start":{},"end":{}}],"line":14},"3":{"loc":{"start":{"line":19,"column":4},"end":{"line":21,"column":5}},"type":"if","locations":[{"start":{"line":19,"column":4},"end":{"line":21,"column":5}},{"start":{},"end":{}}],"line":19},"4":{"loc":{"start":{"line":24,"column":4},"end":{"line":26,"column":5}},"type":"if","locations":[{"start":{"line":24,"column":4},"end":{"line":26,"column":5}},{"start":{},"end":{}}],"line":24},"5":{"loc":{"start":{"line":24,"column":8},"end":{"line":24,"column":52}},"type":"binary-expr","locations":[{"start":{"line":24,"column":8},"end":{"line":24,"column":14}},{"start":{"line":24,"column":18},"end":{"line":24,"column":52}}],"line":24},"6":{"loc":{"start":{"line":29,"column":4},"end":{"line":33,"column":5}},"type":"if","locations":[{"start":{"line":29,"column":4},"end":{"line":33,"column":5}},{"start":{"line":31,"column":11},"end":{"line":33,"column":5}}],"line":29},"7":{"loc":{"start":{"line":29,"column":8},"end":{"line":29,"column":43}},"type":"binary-expr","locations":[{"start":{"line":29,"column":8},"end":{"line":29,"column":17}},{"start":{"line":29,"column":21},"end":{"line":29,"column":43}}],"line":29},"8":{"loc":{"start":{"line":31,"column":11},"end":{"line":33,"column":5}},"type":"if","locations":[{"start":{"line":31,"column":11},"end":{"line":33,"column":5}},{"start":{},"end":{}}],"line":31},"9":{"loc":{"start":{"line":36,"column":4},"end":{"line":45,"column":5}},"type":"if","locations":[{"start":{"line":36,"column":4},"end":{"line":45,"column":5}},{"start":{"line":38,"column":11},"end":{"line":45,"column":5}}],"line":36},"10":{"loc":{"start":{"line":42,"column":8},"end":{"line":44,"column":9}},"type":"if","locations":[{"start":{"line":42,"column":8},"end":{"line":44,"column":9}},{"start":{},"end":{}}],"line":42},"11":{"loc":{"start":{"line":48,"column":4},"end":{"line":50,"column":5}},"type":"if","locations":[{"start":{"line":48,"column":4},"end":{"line":50,"column":5}},{"start":{},"end":{}}],"line":48},"12":{"loc":{"start":{"line":52,"column":4},"end":{"line":54,"column":5}},"type":"if","locations":[{"start":{"line":52,"column":4},"end":{"line":54,"column":5}},{"start":{},"end":{}}],"line":52},"13":{"loc":{"start":{"line":68,"column":8},"end":{"line":75,"column":9}},"type":"if","locations":[{"start":{"line":68,"column":8},"end":{"line":75,"column":9}},{"start":{},"end":{}}],"line":68},"14":{"loc":{"start":{"line":71,"column":16},"end":{"line":73,"column":62}},"type":"binary-expr","locations":[{"start":{"line":71,"column":16},"end":{"line":71,"column":58}},{"start":{"line":72,"column":16},"end":{"line":72,"column":59}},{"start":{"line":73,"column":16},"end":{"line":73,"column":62}}],"line":71},"15":{"loc":{"start":{"line":78,"column":8},"end":{"line":83,"column":9}},"type":"if","locations":[{"start":{"line":78,"column":8},"end":{"line":83,"column":9}},{"start":{},"end":{}}],"line":78},"16":{"loc":{"start":{"line":78,"column":12},"end":{"line":78,"column":33}},"type":"binary-expr","locations":[{"start":{"line":78,"column":12},"end":{"line":78,"column":17}},{"start":{"line":78,"column":21},"end":{"line":78,"column":33}}],"line":78},"17":{"loc":{"start":{"line":80,"column":12},"end":{"line":82,"column":13}},"type":"if","locations":[{"start":{"line":80,"column":12},"end":{"line":82,"column":13}},{"start":{},"end":{}}],"line":80},"18":{"loc":{"start":{"line":86,"column":8},"end":{"line":101,"column":9}},"type":"if","locations":[{"start":{"line":86,"column":8},"end":{"line":101,"column":9}},{"start":{"line":88,"column":15},"end":{"line":101,"column":9}}],"line":86},"19":{"loc":{"start":{"line":86,"column":12},"end":{"line":86,"column":31}},"type":"binary-expr","locations":[{"start":{"line":86,"column":12},"end":{"line":86,"column":16}},{"start":{"line":86,"column":20},"end":{"line":86,"column":31}}],"line":86},"20":{"loc":{"start":{"line":88,"column":15},"end":{"line":101,"column":9}},"type":"if","locations":[{"start":{"line":88,"column":15},"end":{"line":101,"column":9}},{"start":{},"end":{}}],"line":88},"21":{"loc":{"start":{"line":88,"column":19},"end":{"line":88,"column":44}},"type":"binary-expr","locations":[{"start":{"line":88,"column":19},"end":{"line":88,"column":26}},{"start":{"line":88,"column":30},"end":{"line":88,"column":44}}],"line":88},"22":{"loc":{"start":{"line":99,"column":27},"end":{"line":99,"column":55}},"type":"binary-expr","locations":[{"start":{"line":99,"column":27},"end":{"line":99,"column":49}},{"start":{"line":99,"column":53},"end":{"line":99,"column":55}}],"line":99},"23":{"loc":{"start":{"line":104,"column":8},"end":{"line":112,"column":9}},"type":"if","locations":[{"start":{"line":104,"column":8},"end":{"line":112,"column":9}},{"start":{},"end":{}}],"line":104},"24":{"loc":{"start":{"line":104,"column":12},"end":{"line":104,"column":60}},"type":"binary-expr","locations":[{"start":{"line":104,"column":12},"end":{"line":104,"column":34}},{"start":{"line":104,"column":38},"end":{"line":104,"column":60}}],"line":104},"25":{"loc":{"start":{"line":105,"column":24},"end":{"line":105,"column":59}},"type":"cond-expr","locations":[{"start":{"line":105,"column":35},"end":{"line":105,"column":55}},{"start":{"line":105,"column":58},"end":{"line":105,"column":59}}],"line":105},"26":{"loc":{"start":{"line":106,"column":24},"end":{"line":106,"column":66}},"type":"cond-expr","locations":[{"start":{"line":106,"column":35},"end":{"line":106,"column":55}},{"start":{"line":106,"column":58},"end":{"line":106,"column":66}}],"line":106},"27":{"loc":{"start":{"line":110,"column":23},"end":{"line":110,"column":51}},"type":"binary-expr","locations":[{"start":{"line":110,"column":23},"end":{"line":110,"column":35}},{"start":{"line":110,"column":39},"end":{"line":110,"column":51}}],"line":110},"28":{"loc":{"start":{"line":115,"column":8},"end":{"line":134,"column":9}},"type":"if","locations":[{"start":{"line":115,"column":8},"end":{"line":134,"column":9}},{"start":{},"end":{}}],"line":115},"29":{"loc":{"start":{"line":116,"column":12},"end":{"line":133,"column":13}},"type":"switch","locations":[{"start":{"line":117,"column":16},"end":{"line":123,"column":26}},{"start":{"line":124,"column":16},"end":{"line":126,"column":26}},{"start":{"line":127,"column":16},"end":{"line":129,"column":26}},{"start":{"line":130,"column":16},"end":{"line":132,"column":81}}],"line":116},"30":{"loc":{"start":{"line":138,"column":8},"end":{"line":149,"column":9}},"type":"if","locations":[{"start":{"line":138,"column":8},"end":{"line":149,"column":9}},{"start":{},"end":{}}],"line":138},"31":{"loc":{"start":{"line":145,"column":21},"end":{"line":145,"column":63}},"type":"binary-expr","locations":[{"start":{"line":145,"column":21},"end":{"line":145,"column":58}},{"start":{"line":145,"column":62},"end":{"line":145,"column":63}}],"line":145},"32":{"loc":{"start":{"line":146,"column":24},"end":{"line":146,"column":70}},"type":"binary-expr","locations":[{"start":{"line":146,"column":24},"end":{"line":146,"column":65}},{"start":{"line":146,"column":69},"end":{"line":146,"column":70}}],"line":146},"33":{"loc":{"start":{"line":147,"column":22},"end":{"line":147,"column":52}},"type":"binary-expr","locations":[{"start":{"line":147,"column":22},"end":{"line":147,"column":47}},{"start":{"line":147,"column":51},"end":{"line":147,"column":52}}],"line":147},"34":{"loc":{"start":{"line":171,"column":8},"end":{"line":192,"column":9}},"type":"if","locations":[{"start":{"line":171,"column":8},"end":{"line":192,"column":9}},{"start":{},"end":{}}],"line":171},"35":{"loc":{"start":{"line":183,"column":23},"end":{"line":183,"column":71}},"type":"binary-expr","locations":[{"start":{"line":183,"column":23},"end":{"line":183,"column":43}},{"start":{"line":183,"column":47},"end":{"line":183,"column":71}}],"line":183},"36":{"loc":{"start":{"line":197,"column":12},"end":{"line":201,"column":13}},"type":"if","locations":[{"start":{"line":197,"column":12},"end":{"line":201,"column":13}},{"start":{"line":199,"column":19},"end":{"line":201,"column":13}}],"line":197},"37":{"loc":{"start":{"line":212,"column":12},"end":{"line":214,"column":13}},"type":"if","locations":[{"start":{"line":212,"column":12},"end":{"line":214,"column":13}},{"start":{},"end":{}}],"line":212},"38":{"loc":{"start":{"line":251,"column":8},"end":{"line":253,"column":9}},"type":"if","locations":[{"start":{"line":251,"column":8},"end":{"line":253,"column":9}},{"start":{},"end":{}}],"line":251},"39":{"loc":{"start":{"line":277,"column":8},"end":{"line":279,"column":9}},"type":"if","locations":[{"start":{"line":277,"column":8},"end":{"line":279,"column":9}},{"start":{},"end":{}}],"line":277},"40":{"loc":{"start":{"line":293,"column":8},"end":{"line":295,"column":9}},"type":"if","locations":[{"start":{"line":293,"column":8},"end":{"line":295,"column":9}},{"start":{},"end":{}}],"line":293},"41":{"loc":{"start":{"line":309,"column":8},"end":{"line":321,"column":9}},"type":"switch","locations":[{"start":{"line":310,"column":12},"end":{"line":312,"column":22}},{"start":{"line":313,"column":12},"end":{"line":315,"column":22}},{"start":{"line":316,"column":12},"end":{"line":318,"column":22}},{"start":{"line":319,"column":12},"end":{"line":320,"column":50}}],"line":309}},"s":{"0":1,"1":1,"2":1,"3":1,"4":14,"5":14,"6":14,"7":3,"8":11,"9":1,"10":14,"11":1,"12":14,"13":1,"14":14,"15":1,"16":13,"17":0,"18":14,"19":0,"20":14,"21":14,"22":14,"23":14,"24":9,"25":14,"26":0,"27":14,"28":9,"29":5,"30":1,"31":11,"32":11,"33":11,"34":9,"35":1,"36":1,"37":3,"38":9,"39":1,"40":1,"41":1,"42":2,"43":9,"44":1,"45":2,"46":8,"47":1,"48":1,"49":1,"50":2,"51":9,"52":1,"53":1,"54":1,"55":3,"56":3,"57":9,"58":3,"59":1,"60":2,"61":2,"62":2,"63":1,"64":1,"65":1,"66":1,"67":1,"68":1,"69":1,"70":0,"71":0,"72":9,"73":9,"74":9,"75":14,"76":9,"77":5,"78":9,"79":9,"80":2,"81":2,"82":1,"83":3,"84":3,"85":2,"86":2,"87":1,"88":3,"89":1,"90":2,"91":1,"92":1,"93":1,"94":3,"95":1,"96":3,"97":3,"98":1,"99":3,"100":1,"101":2,"102":2,"103":3,"104":0,"105":3,"106":2,"107":3,"108":2,"109":2,"110":3,"111":2,"112":3,"113":2,"114":1,"115":2,"116":2,"117":3,"118":2,"119":2,"120":1,"121":1,"122":1,"123":3,"124":3,"125":3,"126":2,"127":1,"128":1,"129":1,"130":1,"131":3,"132":3,"133":2,"134":1,"135":1,"136":2,"137":2,"138":2,"139":1,"140":0,"141":1,"142":1,"143":1,"144":3,"145":3,"146":3,"147":2,"148":1,"149":1,"150":1,"151":1,"152":4,"153":4,"154":4,"155":2,"156":1,"157":1,"158":1,"159":1,"160":1,"161":0,"162":3,"163":1,"164":1},"f":{"0":14,"1":11,"2":3,"3":2,"4":2,"5":2,"6":3,"7":2,"8":1,"9":1,"10":0,"11":14,"12":5,"13":3,"14":3,"15":2,"16":3,"17":3,"18":3,"19":3,"20":3,"21":3,"22":1,"23":2,"24":3,"25":3,"26":3,"27":2,"28":3,"29":4},"b":{"0":[3,11],"1":[14,11],"2":[1,10],"3":[1,13],"4":[1,13],"5":[14,14],"6":[1,13],"7":[14,13],"8":[0,13],"9":[0,14],"10":[9,5],"11":[0,14],"12":[9,5],"13":[1,8],"14":[3,2,2],"15":[1,8],"16":[9,1],"17":[1,0],"18":[1,8],"19":[9,1],"20":[1,7],"21":[8,1],"22":[1,0],"23":[1,8],"24":[9,8],"25":[1,0],"26":[1,0],"27":[3,2],"28":[3,6],"29":[1,1,1,0],"30":[9,0],"31":[9,0],"32":[9,0],"33":[9,0],"34":[1,1],"35":[3,1],"36":[0,3],"37":[2,1],"38":[1,1],"39":[0,1],"40":[1,1],"41":[2,1,1,0]},"_coverageSchema":"1a1c01bbd47fc00a2c39e90264f33305004495a9","hash":"f6c716c81349cc828c2a6baaaf454e57ec1f769a"}
}
