TN:
SF:src\models\concert.js
FN:33,(anonymous_0)
FN:37,(anonymous_1)
FN:38,(anonymous_2)
FN:41,(anonymous_3)
FN:42,(anonymous_4)
FN:49,(anonymous_5)
FN:50,(anonymous_6)
FN:59,(anonymous_7)
FN:60,(anonymous_8)
FN:70,(anonymous_9)
FN:75,(anonymous_10)
FN:82,(anonymous_11)
FN:91,(anonymous_12)
FN:100,(anonymous_13)
FN:115,(anonymous_14)
FN:126,(anonymous_15)
FN:136,(anonymous_16)
FNF:17
FNH:17
FNDA:897,(anonymous_0)
FNDA:4,(anonymous_1)
FNDA:35,(anonymous_2)
FNDA:4,(anonymous_3)
FNDA:36,(anonymous_4)
FNDA:3,(anonymous_5)
FNDA:14,(anonymous_6)
FNDA:3,(anonymous_7)
FNDA:14,(anonymous_8)
FNDA:4,(anonymous_9)
FNDA:36,(anonymous_10)
FNDA:15,(anonymous_11)
FNDA:2,(anonymous_12)
FNDA:12,(anonymous_13)
FNDA:2,(anonymous_14)
FNDA:1,(anonymous_15)
FNDA:4,(anonymous_16)
DA:3,2
DA:14,2
DA:30,2
DA:32,2
DA:34,897
DA:38,35
DA:42,36
DA:43,4
DA:44,4
DA:45,4
DA:46,4
DA:50,14
DA:51,3
DA:53,2
DA:54,2
DA:55,2
DA:56,2
DA:60,14
DA:61,3
DA:63,2
DA:64,2
DA:65,2
DA:66,2
DA:71,4
DA:73,4
DA:74,3
DA:75,36
DA:79,4
DA:80,3
DA:81,3
DA:82,15
DA:87,4
DA:92,2
DA:93,2
DA:94,2
DA:99,2
DA:100,12
DA:109,2
DA:110,2
DA:111,2
DA:116,2
DA:118,1
DA:119,1
DA:120,1
DA:121,1
DA:122,1
DA:127,1
DA:129,0
DA:130,0
DA:131,0
DA:132,0
DA:133,0
DA:137,4
LF:53
LH:48
BRDA:51,0,0,1
BRDA:51,0,1,2
BRDA:61,1,0,1
BRDA:61,1,1,2
BRDA:73,2,0,3
BRDA:73,2,1,1
BRDA:79,3,0,3
BRDA:79,3,1,1
BRDA:82,4,0,15
BRDA:82,4,1,10
BRDA:116,5,0,1
BRDA:116,5,1,1
BRDA:127,6,0,1
BRDA:127,6,1,0
BRF:14
BRH:13
end_of_record
TN:
SF:src\routes\concertRoutes.js
FN:7,(anonymous_0)
FN:60,(anonymous_1)
FN:70,(anonymous_2)
FN:81,(anonymous_3)
FN:87,(anonymous_4)
FN:100,(anonymous_5)
FN:108,(anonymous_6)
FN:118,(anonymous_7)
FN:125,(anonymous_8)
FN:128,(anonymous_9)
FN:132,(anonymous_10)
FN:140,(anonymous_11)
FN:141,(anonymous_12)
FN:165,(anonymous_13)
FN:173,(anonymous_14)
FN:174,(anonymous_15)
FN:180,(anonymous_16)
FN:181,(anonymous_17)
FN:185,(anonymous_18)
FN:196,(anonymous_19)
FN:204,(anonymous_20)
FN:211,(anonymous_21)
FN:219,(anonymous_22)
FN:220,(anonymous_23)
FN:223,(anonymous_24)
FN:246,(anonymous_25)
FN:262,(anonymous_26)
FN:272,(anonymous_27)
FN:288,(anonymous_28)
FN:304,(anonymous_29)
FNF:30
FNH:29
FNDA:14,(anonymous_0)
FNDA:11,(anonymous_1)
FNDA:3,(anonymous_2)
FNDA:2,(anonymous_3)
FNDA:2,(anonymous_4)
FNDA:2,(anonymous_5)
FNDA:3,(anonymous_6)
FNDA:2,(anonymous_7)
FNDA:1,(anonymous_8)
FNDA:1,(anonymous_9)
FNDA:0,(anonymous_10)
FNDA:14,(anonymous_11)
FNDA:5,(anonymous_12)
FNDA:3,(anonymous_13)
FNDA:3,(anonymous_14)
FNDA:2,(anonymous_15)
FNDA:3,(anonymous_16)
FNDA:3,(anonymous_17)
FNDA:3,(anonymous_18)
FNDA:3,(anonymous_19)
FNDA:3,(anonymous_20)
FNDA:3,(anonymous_21)
FNDA:1,(anonymous_22)
FNDA:2,(anonymous_23)
FNDA:3,(anonymous_24)
FNDA:3,(anonymous_25)
FNDA:3,(anonymous_26)
FNDA:2,(anonymous_27)
FNDA:3,(anonymous_28)
FNDA:4,(anonymous_29)
DA:2,1
DA:3,1
DA:4,1
DA:7,1
DA:8,14
DA:9,14
DA:12,14
DA:13,3
DA:14,11
DA:15,1
DA:19,14
DA:20,1
DA:24,14
DA:25,1
DA:29,14
DA:30,1
DA:31,13
DA:32,0
DA:36,14
DA:37,0
DA:39,14
DA:40,14
DA:41,14
DA:42,14
DA:43,9
DA:48,14
DA:49,0
DA:52,14
DA:53,9
DA:56,5
DA:60,1
DA:61,11
DA:62,11
DA:65,11
DA:68,9
DA:69,1
DA:70,1
DA:71,3
DA:78,9
DA:79,1
DA:80,1
DA:81,2
DA:86,9
DA:87,2
DA:88,8
DA:90,1
DA:99,1
DA:100,2
DA:104,9
DA:105,1
DA:106,1
DA:108,1
DA:109,3
DA:110,3
DA:115,9
DA:116,3
DA:118,1
DA:119,2
DA:120,2
DA:121,2
DA:123,1
DA:125,1
DA:126,1
DA:128,1
DA:129,1
DA:132,0
DA:137,9
DA:138,9
DA:140,14
DA:141,9
DA:144,9
DA:152,9
DA:159,2
DA:160,2
DA:165,1
DA:166,3
DA:167,3
DA:170,2
DA:171,2
DA:173,3
DA:174,2
DA:177,1
DA:178,1
DA:180,3
DA:181,1
DA:182,3
DA:183,3
DA:185,3
DA:187,1
DA:195,2
DA:196,2
DA:197,3
DA:198,0
DA:200,3
DA:204,3
DA:210,2
DA:211,2
DA:212,3
DA:213,2
DA:215,3
DA:218,2
DA:219,1
DA:221,2
DA:222,2
DA:223,3
DA:227,2
DA:233,2
DA:240,1
DA:241,1
DA:246,1
DA:247,3
DA:248,3
DA:249,3
DA:251,2
DA:252,1
DA:255,1
DA:257,1
DA:262,1
DA:263,3
DA:264,3
DA:265,2
DA:267,1
DA:272,1
DA:273,2
DA:274,2
DA:275,2
DA:277,1
DA:278,0
DA:281,1
DA:283,1
DA:288,1
DA:289,3
DA:290,3
DA:291,3
DA:293,2
DA:294,1
DA:297,1
DA:299,1
DA:304,1
DA:305,4
DA:306,4
DA:309,4
DA:311,2
DA:312,1
DA:314,1
DA:315,1
DA:317,1
DA:318,1
DA:320,0
DA:323,3
DA:325,1
DA:329,1
LF:152
LH:145
BRDA:12,0,0,3
BRDA:12,0,1,11
BRDA:12,1,0,14
BRDA:12,1,1,11
BRDA:14,2,0,1
BRDA:14,2,1,10
BRDA:19,3,0,1
BRDA:19,3,1,13
BRDA:24,4,0,1
BRDA:24,4,1,13
BRDA:24,5,0,14
BRDA:24,5,1,14
BRDA:29,6,0,1
BRDA:29,6,1,13
BRDA:29,7,0,14
BRDA:29,7,1,13
BRDA:31,8,0,0
BRDA:31,8,1,13
BRDA:36,9,0,0
BRDA:36,9,1,14
BRDA:42,10,0,9
BRDA:42,10,1,5
BRDA:48,11,0,0
BRDA:48,11,1,14
BRDA:52,12,0,9
BRDA:52,12,1,5
BRDA:68,13,0,1
BRDA:68,13,1,8
BRDA:71,14,0,3
BRDA:71,14,1,2
BRDA:71,14,2,2
BRDA:78,15,0,1
BRDA:78,15,1,8
BRDA:78,16,0,9
BRDA:78,16,1,1
BRDA:80,17,0,1
BRDA:80,17,1,0
BRDA:86,18,0,1
BRDA:86,18,1,8
BRDA:86,19,0,9
BRDA:86,19,1,1
BRDA:88,20,0,1
BRDA:88,20,1,7
BRDA:88,21,0,8
BRDA:88,21,1,1
BRDA:99,22,0,1
BRDA:99,22,1,0
BRDA:104,23,0,1
BRDA:104,23,1,8
BRDA:104,24,0,9
BRDA:104,24,1,8
BRDA:105,25,0,1
BRDA:105,25,1,0
BRDA:106,26,0,1
BRDA:106,26,1,0
BRDA:110,27,0,3
BRDA:110,27,1,2
BRDA:115,28,0,3
BRDA:115,28,1,6
BRDA:116,29,0,1
BRDA:116,29,1,1
BRDA:116,29,2,1
BRDA:116,29,3,0
BRDA:138,30,0,9
BRDA:138,30,1,0
BRDA:145,31,0,9
BRDA:145,31,1,0
BRDA:146,32,0,9
BRDA:146,32,1,0
BRDA:147,33,0,9
BRDA:147,33,1,0
BRDA:171,34,0,1
BRDA:171,34,1,1
BRDA:183,35,0,3
BRDA:183,35,1,1
BRDA:197,36,0,0
BRDA:197,36,1,3
BRDA:212,37,0,2
BRDA:212,37,1,1
BRDA:251,38,0,1
BRDA:251,38,1,1
BRDA:277,39,0,0
BRDA:277,39,1,1
BRDA:293,40,0,1
BRDA:293,40,1,1
BRDA:309,41,0,2
BRDA:309,41,1,1
BRDA:309,41,2,1
BRDA:309,41,3,0
BRF:89
BRH:74
end_of_record
